<?xml version="1.0" encoding="UTF-8"?>
<!-- Generated by org.testng.reporters.JUnitReportReporter -->
<testsuite skipped="1" hostname="LP-5CD9176L77" name="com.app.rough.SampleTest" tests="1" failures="0" timestamp="22 Aug 2019 09:34:32 GMT" time="0.000" errors="0">
  <testcase name="Exercise1" time="0.000" classname="com.app.rough.SampleTest">
    <skipped/>
  </testcase> <!-- Exercise1 -->
</testsuite> <!-- com.app.rough.SampleTest -->
