<?xml version="1.0" encoding="UTF-8"?>
<!-- Generated by org.testng.reporters.JUnitReportReporter -->
<testsuite skipped="0" hostname="LP-5CD9176L77" name="com.qa.ING.TestCases.AddToCartHPJewelryTest" tests="1" failures="0" timestamp="26 Aug 2019 06:17:27 GMT" time="3.716" errors="0">
  <testcase name="TC_002" time="3.716" classname="com.qa.ING.TestCases.AddToCartHPJewelryTest"/>
</testsuite> <!-- com.qa.ING.TestCases.AddToCartHPJewelryTest -->
