<?xml version="1.0" encoding="UTF-8"?>
<!-- Generated by org.testng.reporters.JUnitReportReporter -->
<testsuite skipped="0" hostname="LP-5CD9176L77" name="com.app.TestCases.loginBankTest" tests="1" failures="0" timestamp="23 Aug 2019 09:02:07 GMT" time="21.320" errors="0">
  <testcase name="writingSubsectionNames" time="21.320" classname="com.app.TestCases.loginBankTest"/>
</testsuite> <!-- com.app.TestCases.loginBankTest -->
