<?xml version="1.0" encoding="UTF-8"?>
<!-- Generated by org.testng.reporters.JUnitReportReporter -->
<testsuite skipped="0" hostname="LP-5CD9176L77" name="com.qa.ING.FederalCreditUnion_Test.FloristHomePageTest" tests="4" failures="0" timestamp="29 Aug 2019 13:08:06 GMT" time="12.980" errors="0">
  <testcase name="clickApplications" time="2.795" classname="com.qa.ING.FederalCreditUnion_Test.FloristHomePageTest"/>
  <testcase name="scrolltoApps" time="2.492" classname="com.qa.ING.FederalCreditUnion_Test.FloristHomePageTest"/>
  <testcase name="countPDFs" time="6.978" classname="com.qa.ING.FederalCreditUnion_Test.FloristHomePageTest"/>
  <testcase name="writePDFs" time="0.715" classname="com.qa.ING.FederalCreditUnion_Test.FloristHomePageTest"/>
</testsuite> <!-- com.qa.ING.FederalCreditUnion_Test.FloristHomePageTest -->
