<?xml version="1.0" encoding="UTF-8"?>
<!-- Generated by org.testng.reporters.JUnitReportReporter -->
<testsuite skipped="0" hostname="LP-5CD9176L77" name="com.qa.ING.TestCases.AddToCartLPCellPhoneTest" tests="1" failures="0" timestamp="26 Aug 2019 06:17:27 GMT" time="13.298" errors="0">
  <testcase name="TC_001" time="13.298" classname="com.qa.ING.TestCases.AddToCartLPCellPhoneTest"/>
</testsuite> <!-- com.qa.ING.TestCases.AddToCartLPCellPhoneTest -->
