<?xml version="1.0" encoding="UTF-8"?>
<!-- Generated by org.testng.reporters.JUnitReportReporter -->
<testsuite skipped="0" hostname="LP-5CD9176L77" name="com.qa.ING.TestCases.AddToCartLowestpriceTest" tests="1" failures="0" timestamp="26 Aug 2019 04:40:07 GMT" time="14.204" errors="0">
  <testcase name="TC_001" time="14.204" classname="com.qa.ING.TestCases.AddToCartLowestpriceTest"/>
</testsuite> <!-- com.qa.ING.TestCases.AddToCartLowestpriceTest -->
