<?xml version="1.0" encoding="UTF-8"?>
<!-- Generated by org.testng.reporters.JUnitReportReporter -->
<testsuite skipped="0" hostname="LP-5CD9176L77" name="com.qa.ING.LIVE_OAK_BANK_Test.LOBankHomePageTest" tests="1" failures="0" timestamp="27 Aug 2019 18:09:20 GMT" time="7.281" errors="0">
  <testcase name="TC_001" time="7.281" classname="com.qa.ING.LIVE_OAK_BANK_Test.LOBankHomePageTest"/>
</testsuite> <!-- com.qa.ING.LIVE_OAK_BANK_Test.LOBankHomePageTest -->
